#
# There is insufficient memory for the Java Runtime Environment to continue.
# Native memory allocation (malloc) failed to allocate 35376 bytes for Chunk::new
# Possible reasons:
#   The system is out of physical RAM or swap space
#   In 32 bit mode, the process size limit was hit
# Possible solutions:
#   Reduce memory load on the system
#   Increase physical memory or swap space
#   Check if swap backing store is full
#   Use 64 bit Java on a 64 bit OS
#   Decrease Java heap size (-Xmx/-Xms)
#   Decrease number of Java threads
#   Decrease Java thread stack sizes (-Xss)
#   Set larger code cache with -XX:ReservedCodeCacheSize=
# This output file may be truncated or incomplete.
#
#  Out of Memory Error (allocation.cpp:323), pid=10812, tid=21700
#
# JRE version: Java(TM) SE Runtime Environment (7.0_80-b15) (build 1.7.0_80-b15)
# Java VM: Java HotSpot(TM) 64-Bit Server VM (24.80-b11 mixed mode windows-amd64 compressed oops)
# Failed to write core dump. Minidumps are not enabled by default on client versions of Windows
#

---------------  T H R E A D  ---------------

Current thread (0x000000000cbee000):  JavaThread "C2 CompilerThread0" daemon [_thread_in_native, id=21700, stack(0x000000000e160000,0x000000000e260000)]

Stack: [0x000000000e160000,0x000000000e260000]

Current CompileTask:
C2:    716   40 %           java.util.Properties::load0 @ 30 (250 bytes)


---------------  P R O C E S S  ---------------

Java Threads: ( => current thread )
  0x00000000049ad800 JavaThread "DestroyJavaVM" [_thread_blocked, id=2208, stack(0x00000000046c0000,0x00000000047c0000)]
  0x000000000e7ab800 JavaThread "Abandoned connection cleanup thread" daemon [_thread_blocked, id=20028, stack(0x000000000f160000,0x000000000f260000)]
  0x000000000cbf5000 JavaThread "Service Thread" daemon [_thread_blocked, id=23388, stack(0x000000000e360000,0x000000000e460000)]
  0x000000000cbf1800 JavaThread "C2 CompilerThread1" daemon [_thread_blocked, id=9992, stack(0x000000000e260000,0x000000000e360000)]
=>0x000000000cbee000 JavaThread "C2 CompilerThread0" daemon [_thread_in_native, id=21700, stack(0x000000000e160000,0x000000000e260000)]
  0x000000000cbed000 JavaThread "Attach Listener" daemon [_thread_blocked, id=21932, stack(0x000000000e060000,0x000000000e160000)]
  0x000000000cbe9800 JavaThread "Signal Dispatcher" daemon [_thread_blocked, id=7744, stack(0x000000000df60000,0x000000000e060000)]
  0x000000000cbaf000 JavaThread "Finalizer" daemon [_thread_blocked, id=21904, stack(0x000000000de60000,0x000000000df60000)]
  0x000000000cba6000 JavaThread "Reference Handler" daemon [_thread_blocked, id=15356, stack(0x000000000dd60000,0x000000000de60000)]

Other Threads:
  0x000000000cba2000 VMThread [stack: 0x000000000dc60000,0x000000000dd60000] [id=14380]
  0x000000000cc0e800 WatcherThread [stack: 0x000000000e460000,0x000000000e560000] [id=21988]

VM state:not at safepoint (normal execution)

VM Mutex/Monitor currently owned by a thread: None

Heap
 PSYoungGen      total 38400K, used 5407K [0x00000007d5e00000, 0x00000007d8880000, 0x0000000800000000)
  eden space 33280K, 3% used [0x00000007d5e00000,0x00000007d5efb508,0x00000007d7e80000)
  from space 5120K, 85% used [0x00000007d7e80000,0x00000007d82cc8d0,0x00000007d8380000)
  to   space 5120K, 0% used [0x00000007d8380000,0x00000007d8380000,0x00000007d8880000)
 ParOldGen       total 86016K, used 8K [0x0000000781a00000, 0x0000000786e00000, 0x00000007d5e00000)
  object space 86016K, 0% used [0x0000000781a00000,0x0000000781a02000,0x0000000786e00000)
 PSPermGen       total 21504K, used 9415K [0x000000077c800000, 0x000000077dd00000, 0x0000000781a00000)
  object space 21504K, 43% used [0x000000077c800000,0x000000077d131f08,0x000000077dd00000)

Card table byte_map: [0x00000000079b0000,0x0000000007dd0000] byte_map_base: 0x0000000003dcc000

Polling page: 0x0000000002e20000

Code Cache  [0x00000000049b0000, 0x0000000004c20000, 0x00000000079b0000)
 total_blobs=293 nmethods=40 adapters=206 free_code_cache=48654Kb largest_free_block=49802752

Compilation events (10 events):
Event: 0.586 Thread 0x000000000cbee000   36             java.lang.AbstractStringBuilder::append (48 bytes)
Event: 0.593 Thread 0x000000000cbee000 nmethod 36 0x0000000004a2a390 code [0x0000000004a2a4e0, 0x0000000004a2a8b8]
Event: 0.634 Thread 0x000000000cbf1800   37             java.util.regex.Matcher::search (109 bytes)
Event: 0.639 Thread 0x000000000cbf1800 nmethod 37 0x0000000004a29910 code [0x0000000004a29a60, 0x0000000004a29d18]
Event: 0.651 Thread 0x000000000cbee000   38             java.util.Properties$LineReader::readLine (452 bytes)
Event: 0.652 Thread 0x000000000cbf1800   39             java.util.Properties::loadConvert (505 bytes)
Event: 0.658 Thread 0x000000000cbee000 nmethod 38 0x0000000004a2e490 code [0x0000000004a2e620, 0x0000000004a2ecc8]
Event: 0.660 Thread 0x000000000cbee000   40 %           java.util.Properties::load0 @ 30 (250 bytes)
Event: 0.664 Thread 0x000000000cbf1800 nmethod 39 0x0000000004a2f2d0 code [0x0000000004a2f440, 0x0000000004a2faf8]
Event: 0.664 Thread 0x000000000cbf1800   41 %           java.util.Properties$LineReader::readLine @ 21 (452 bytes)

GC Heap History (1 events):
Event: 0.675 GC heap before
{Heap before GC invocations=1 (full 0):
 PSYoungGen      total 38400K, used 33280K [0x00000007d5e00000, 0x00000007d8880000, 0x0000000800000000)
  eden space 33280K, 100% used [0x00000007d5e00000,0x00000007d7e80000,0x00000007d7e80000)
  from space 5120K, 0% used [0x00000007d8380000,0x00000007d8380000,0x00000007d8880000)
  to   space 5120K, 0% used [0x00000007d7e80000,0x00000007d7e80000,0x00000007d8380000)
 ParOldGen       total 86016K, used 0K [0x0000000781a00000, 0x0000000786e00000, 0x00000007d5e00000)
  object space 86016K, 0% used [0x0000000781a00000,0x0000000781a00000,0x0000000786e00000)
 PSPermGen       total 21504K, used 9324K [0x000000077c800000, 0x000000077dd00000, 0x0000000781a00000)
  object space 21504K, 43% used [0x000000077c800000,0x000000077d11b1c8,0x000000077dd00000)

Deoptimization events (7 events):
Event: 0.114 Thread 0x00000000049ad800 Uncommon trap: reason=unstable_if action=reinterpret pc=0x0000000004a13444 method=java.lang.String.indexOf([CII[CIII)I @ 134
Event: 0.117 Thread 0x00000000049ad800 Uncommon trap: reason=unstable_if action=reinterpret pc=0x0000000004a13c20 method=sun.nio.cs.UTF_8$Decoder.decode([BII[C)I @ 24
Event: 0.152 Thread 0x00000000049ad800 Uncommon trap: reason=unstable_if action=reinterpret pc=0x0000000004a1987c method=java.lang.String.indexOf([CII[CIII)I @ 3
Event: 0.262 Thread 0x00000000049ad800 Uncommon trap: reason=predicate action=maybe_recompile pc=0x0000000004a116d4 method=sun.net.www.ParseUtil.encodePath(Ljava/lang/String;Z)Ljava/lang/String; @ 36
Event: 0.454 Thread 0x00000000049ad800 Uncommon trap: reason=null_check action=make_not_entrant pc=0x0000000004a1d154 method=java.lang.String.equals(Ljava/lang/Object;)Z @ 8
Event: 0.633 Thread 0x00000000049ad800 Uncommon trap: reason=unstable_if action=reinterpret pc=0x0000000004a2a878 method=java.lang.AbstractStringBuilder.append(Ljava/lang/String;)Ljava/lang/AbstractStringBuilder; @ 1
Event: 0.660 Thread 0x00000000049ad800 Uncommon trap: reason=unstable_if action=reinterpret pc=0x0000000004a2ea98 method=java.util.Properties$LineReader.readLine()I @ 263

Internal exceptions (10 events):
Event: 0.650 Thread 0x00000000049ad800 Threw 0x00000007d7d3c420 at C:\re\jdk7u80\2329\hotspot\src\share\vm\prims\jvm.cpp:1319
Event: 0.665 Thread 0x00000000049ad800 Threw 0x00000007d7d897b0 at C:\re\jdk7u80\2329\hotspot\src\share\vm\prims\jvm.cpp:1319
Event: 0.666 Thread 0x00000000049ad800 Threw 0x00000007d7d94068 at C:\re\jdk7u80\2329\hotspot\src\share\vm\prims\jvm.cpp:1319
Event: 0.666 Thread 0x00000000049ad800 Threw 0x00000007d7d9f1b0 at C:\re\jdk7u80\2329\hotspot\src\share\vm\prims\jvm.cpp:1319
Event: 0.667 Thread 0x00000000049ad800 Threw 0x00000007d7da9bf0 at C:\re\jdk7u80\2329\hotspot\src\share\vm\prims\jvm.cpp:1319
Event: 0.668 Thread 0x00000000049ad800 Threw 0x00000007d7dc4e98 at C:\re\jdk7u80\2329\hotspot\src\share\vm\prims\jvm.cpp:1319
Event: 0.670 Thread 0x00000000049ad800 Threw 0x00000007d7dd0280 at C:\re\jdk7u80\2329\hotspot\src\share\vm\prims\jvm.cpp:1319
Event: 0.672 Thread 0x00000000049ad800 Threw 0x00000007d7e0af48 at C:\re\jdk7u80\2329\hotspot\src\share\vm\prims\jni.cpp:743
Event: 0.672 Thread 0x00000000049ad800 Threw 0x00000007d7e0af48 at C:\re\jdk7u80\2329\hotspot\src\share\vm\prims\jvm.cpp:1323
Event: 0.672 Thread 0x00000000049ad800 Threw 0x00000007d7e0af48 at C:\re\jdk7u80\2329\hotspot\src\share\vm\oops\instanceKlass.cpp:548

Events (10 events):
Event: 0.673 loading class 0x00000000048675d0
Event: 0.673 loading class 0x00000000048675d0 done
Event: 0.675 Thread 0x00000000049ad800 Thread exited: 0x00000000049ad800
Event: 0.675 Thread 0x00000000049ad800 Thread added: 0x00000000049ad800
Event: 0.675 loading class 0x000000000e5772f0
Event: 0.675 loading class 0x000000000e5772b0
Event: 0.675 loading class 0x000000000e5772b0 done
Event: 0.675 loading class 0x000000000e5772f0 done
Event: 0.675 Thread 0x000000000e982800 Thread added: 0x000000000e982800
Event: 0.675 Executing VM operation: ParallelGCFailedAllocation


Dynamic libraries:
0x00007ff679610000 - 0x00007ff679643000 	C:\Program Files\Java\jdk1.7.0_80\jre\bin\javaw.exe
0x00007ff95f000000 - 0x00007ff95f1e0000 	C:\WINDOWS\SYSTEM32\ntdll.dll
0x00007ff95c4d0000 - 0x00007ff95c57e000 	C:\WINDOWS\System32\KERNEL32.DLL
0x00007ff95c260000 - 0x00007ff95c4c6000 	C:\WINDOWS\System32\KERNELBASE.dll
0x00007ff95dfd0000 - 0x00007ff95e071000 	C:\WINDOWS\System32\ADVAPI32.dll
0x00007ff95ee10000 - 0x00007ff95eead000 	C:\WINDOWS\System32\msvcrt.dll
0x00007ff95c580000 - 0x00007ff95c5db000 	C:\WINDOWS\System32\sechost.dll
0x00007ff95eeb0000 - 0x00007ff95efcf000 	C:\WINDOWS\System32\RPCRT4.dll
0x00007ff95c650000 - 0x00007ff95c7df000 	C:\WINDOWS\System32\USER32.dll
0x00007ff95c020000 - 0x00007ff95c040000 	C:\WINDOWS\System32\win32u.dll
0x00007ff95e080000 - 0x00007ff95e0a8000 	C:\WINDOWS\System32\GDI32.dll
0x00007ff95bc60000 - 0x00007ff95bdf3000 	C:\WINDOWS\System32\gdi32full.dll
0x00007ff95c1c0000 - 0x00007ff95c25b000 	C:\WINDOWS\System32\msvcp_win.dll
0x00007ff95c040000 - 0x00007ff95c136000 	C:\WINDOWS\System32\ucrtbase.dll
0x00007ff94d2b0000 - 0x00007ff94d519000 	C:\WINDOWS\WinSxS\amd64_microsoft.windows.common-controls_6595b64144ccf1df_6.0.16299.125_none_15cbcf8893620c09\COMCTL32.dll
0x00007ff95e360000 - 0x00007ff95e668000 	C:\WINDOWS\System32\combase.dll
0x00007ff95c140000 - 0x00007ff95c1b2000 	C:\WINDOWS\System32\bcryptPrimitives.dll
0x00007ff95c7e0000 - 0x00007ff95c80d000 	C:\WINDOWS\System32\IMM32.DLL
0x0000000076490000 - 0x0000000076562000 	C:\Program Files\Java\jdk1.7.0_80\jre\bin\msvcr100.dll
0x00000000775e0000 - 0x0000000077db9000 	C:\Program Files\Java\jdk1.7.0_80\jre\bin\server\jvm.dll
0x00007ff95c5e0000 - 0x00007ff95c5e8000 	C:\WINDOWS\System32\PSAPI.DLL
0x00007ff958410000 - 0x00007ff958433000 	C:\WINDOWS\SYSTEM32\WINMM.dll
0x00007ff94f730000 - 0x00007ff94f739000 	C:\WINDOWS\SYSTEM32\WSOCK32.dll
0x00007ff95e0b0000 - 0x00007ff95e11c000 	C:\WINDOWS\System32\WS2_32.dll
0x00007ff9583e0000 - 0x00007ff95840a000 	C:\WINDOWS\SYSTEM32\winmmbase.dll
0x00007ff95be00000 - 0x00007ff95be4a000 	C:\WINDOWS\System32\cfgmgr32.dll
0x0000000050030000 - 0x000000005003f000 	C:\Program Files\Java\jdk1.7.0_80\jre\bin\verify.dll
0x0000000050000000 - 0x0000000050028000 	C:\Program Files\Java\jdk1.7.0_80\jre\bin\java.dll
0x00000000774e0000 - 0x00000000774f6000 	C:\Program Files\Java\jdk1.7.0_80\jre\bin\zip.dll
0x00000000765d0000 - 0x00000000765ea000 	C:\Program Files\Java\jdk1.7.0_80\jre\bin\net.dll
0x00007ff95abe0000 - 0x00007ff95ac46000 	C:\WINDOWS\system32\mswsock.dll
0x00000000765b0000 - 0x00000000765c1000 	C:\Program Files\Java\jdk1.7.0_80\jre\bin\nio.dll

VM Arguments:
jvm_args: -Dfile.encoding=Cp1252 
java_command: com.hibernate.main.LoadCustomer
Launcher Type: SUN_STANDARD

Environment Variables:
PATH=C:/Program Files/Java/jdk1.7.0_80/bin/../jre/bin/server;C:/Program Files/Java/jdk1.7.0_80/bin/../jre/bin;C:/Program Files/Java/jdk1.7.0_80/bin/../jre/lib/amd64;C:\oraclexe\app\oracle\product\11.2.0\server\bin;C:\Program Files (x86)\Intel\iCLS Client\;C:\Program Files\Intel\iCLS Client\;C:\WINDOWS\system32;C:\WINDOWS;C:\WINDOWS\System32\Wbem;C:\WINDOWS\System32\WindowsPowerShell\v1.0\;c:\Program Files (x86)\ATI Technologies\ATI.ACE\Core-Static;C:\Program Files (x86)\Intel\Intel(R) Management Engine Components\DAL;C:\Program Files\Intel\Intel(R) Management Engine Components\DAL;C:\Program Files (x86)\Intel\Intel(R) Management Engine Components\IPT;C:\Program Files\Intel\Intel(R) Management Engine Components\IPT;C:\Program Files (x86)\scala\bin;C:\Program Files\Git\cmd;C:\Program Files\Intel\WiFi\bin\;C:\Program Files\Common Files\Intel\WirelessCommon\;C:\Users\Sachin\AppData\Local\Microsoft\WindowsApps;C:\Program Files (x86)\scala\bin;C:\Program Files\Heroku\bin;C:\Program Files\Java\jdk1.7.0_80\bin;C:\Program Files\Apache Software Foundation\apache-maven-3.5.0\bin;;F:\New Software_05_01_2017\eclipse-jee-mars-2-win32-x86_64\eclipse;
USERNAME=Sachin
OS=Windows_NT
PROCESSOR_IDENTIFIER=Intel64 Family 6 Model 78 Stepping 3, GenuineIntel



---------------  S Y S T E M  ---------------

OS: Windows 8.1 , 64 bit Build 9600 

CPU:total 4 (2 cores per cpu, 2 threads per core) family 6 model 78 stepping 3, cmov, cx8, fxsr, mmx, sse, sse2, sse3, ssse3, sse4.1, sse4.2, popcnt, avx, avx2, aes, erms, ht, tsc, tscinvbit

Memory: 4k page, physical 8277912k(1957200k free), swap 33443736k(1476k free)

vm_info: Java HotSpot(TM) 64-Bit Server VM (24.80-b11) for windows-amd64 JRE (1.7.0_80-b15), built on Apr 10 2015 11:26:34 by "java_re" with unknown MS VC++:1600

time: Sat Dec 23 19:47:44 2017
elapsed time: 0 seconds

